Performing C SOURCE FILE Test CMAKE_HAVE_LIBC_PTHREAD failed with the following output:
Change Dir: /home/igormaurell/Workspace/furgbol/joystick-1/build/CMakeFiles/CMakeTmp

Run Build Command(s):/usr/bin/make cmTC_39512/fast && /usr/bin/make -f CMakeFiles/cmTC_39512.dir/build.make CMakeFiles/cmTC_39512.dir/build
make[1]: Entering directory '/home/igormaurell/Workspace/furgbol/joystick-1/build/CMakeFiles/CMakeTmp'
Building C object CMakeFiles/cmTC_39512.dir/src.c.o
/usr/bin/cc   -fPIC -DCMAKE_HAVE_LIBC_PTHREAD   -o CMakeFiles/cmTC_39512.dir/src.c.o   -c /home/igormaurell/Workspace/furgbol/joystick-1/build/CMakeFiles/CMakeTmp/src.c
Linking C executable cmTC_39512
/usr/local/bin/cmake -E cmake_link_script CMakeFiles/cmTC_39512.dir/link.txt --verbose=1
/usr/bin/cc -fPIC -DCMAKE_HAVE_LIBC_PTHREAD    CMakeFiles/cmTC_39512.dir/src.c.o  -o cmTC_39512 
CMakeFiles/cmTC_39512.dir/src.c.o: In function `main':
src.c:(.text+0x3e): undefined reference to `pthread_create'
src.c:(.text+0x4a): undefined reference to `pthread_detach'
src.c:(.text+0x5b): undefined reference to `pthread_join'
src.c:(.text+0x6f): undefined reference to `pthread_atfork'
collect2: error: ld returned 1 exit status
CMakeFiles/cmTC_39512.dir/build.make:86: recipe for target 'cmTC_39512' failed
make[1]: *** [cmTC_39512] Error 1
make[1]: Leaving directory '/home/igormaurell/Workspace/furgbol/joystick-1/build/CMakeFiles/CMakeTmp'
Makefile:121: recipe for target 'cmTC_39512/fast' failed
make: *** [cmTC_39512/fast] Error 2


Source file was:
#include <pthread.h>

void* test_func(void* data)
{
  return data;
}

int main(void)
{
  pthread_t thread;
  pthread_create(&thread, NULL, test_func, NULL);
  pthread_detach(thread);
  pthread_join(thread, NULL);
  pthread_atfork(NULL, NULL, NULL);
  pthread_exit(NULL);

  return 0;
}

Determining if the function pthread_create exists in the pthreads failed with the following output:
Change Dir: /home/igormaurell/Workspace/furgbol/joystick-1/build/CMakeFiles/CMakeTmp

Run Build Command(s):/usr/bin/make cmTC_2bd68/fast && /usr/bin/make -f CMakeFiles/cmTC_2bd68.dir/build.make CMakeFiles/cmTC_2bd68.dir/build
make[1]: Entering directory '/home/igormaurell/Workspace/furgbol/joystick-1/build/CMakeFiles/CMakeTmp'
Building C object CMakeFiles/cmTC_2bd68.dir/CheckFunctionExists.c.o
/usr/bin/cc   -fPIC -DCHECK_FUNCTION_EXISTS=pthread_create   -o CMakeFiles/cmTC_2bd68.dir/CheckFunctionExists.c.o   -c /usr/local/share/cmake-3.14/Modules/CheckFunctionExists.c
Linking C executable cmTC_2bd68
/usr/local/bin/cmake -E cmake_link_script CMakeFiles/cmTC_2bd68.dir/link.txt --verbose=1
/usr/bin/cc -fPIC -DCHECK_FUNCTION_EXISTS=pthread_create    CMakeFiles/cmTC_2bd68.dir/CheckFunctionExists.c.o  -o cmTC_2bd68 -lpthreads 
/usr/bin/ld: cannot find -lpthreads
collect2: error: ld returned 1 exit status
CMakeFiles/cmTC_2bd68.dir/build.make:86: recipe for target 'cmTC_2bd68' failed
make[1]: *** [cmTC_2bd68] Error 1
make[1]: Leaving directory '/home/igormaurell/Workspace/furgbol/joystick-1/build/CMakeFiles/CMakeTmp'
Makefile:121: recipe for target 'cmTC_2bd68/fast' failed
make: *** [cmTC_2bd68/fast] Error 2



